# JRE version: OpenJDK Runtime Environment Temurin-17.0.2+8 (17.0.2+8) (build 17.0.2+8)
# Java VM: OpenJDK 64-Bit Server VM Temurin-17.0.2+8 (17.0.2+8, mixed mode, tiered, compressed oops, compressed class ptrs, g1 gc, windows-amd64)
GC Precious Log:
 CPUs: 8 total, 8 available
 Memory: 7880M
 Large Page Support: Disabled
 NUMA Support: Disabled
 Compressed Oops: Enabled (32-bit)
 Heap Region Size: 1M
 Heap Min Capacity: 8M
 Heap Initial Capacity: 124M
 Heap Max Capacity: 1972M
 Pre-touch: Disabled
 Parallel Workers: 8
 Concurrent Workers: 2
 Concurrent Refinement Workers: 8
 Periodic GC: Disabled
Heap:
 garbage-first heap   total 121856K, used 85580K [0x0000000084c00000, 0x0000000100000000)
  region size 1024K, 53 young (54272K), 1 survivors (1024K)
 Metaspace       used 72811K, committed 73280K, reserved 1114112K
  class space    used 8989K, committed 9216K, reserved 1048576K
GC Heap History (20 events):
Event: 14.899 GC heap before
{Heap before GC invocations=34 (full 0):
 garbage-first heap   total 121856K, used 86112K [0x0000000084c00000, 0x0000000100000000)
  region size 1024K, 35 young (35840K), 6 survivors (6144K)
 Metaspace       used 71607K, committed 72128K, reserved 1114112K
  class space    used 8981K, committed 9216K, reserved 1048576K
}
Event: 14.906 GC heap after
{Heap after GC invocations=35 (full 0):
 garbage-first heap   total 121856K, used 58096K [0x0000000084c00000, 0x0000000100000000)
  region size 1024K, 2 young (2048K), 2 survivors (2048K)
 Metaspace       used 71607K, committed 72128K, reserved 1114112K
  class space    used 8981K, committed 9216K, reserved 1048576K
}
Event: 16.366 GC heap before
{Heap before GC invocations=35 (full 0):
 garbage-first heap   total 121856K, used 89840K [0x0000000084c00000, 0x0000000100000000)
  region size 1024K, 33 young (33792K), 2 survivors (2048K)
 Metaspace       used 72390K, committed 72896K, reserved 1114112K
  class space    used 8984K, committed 9216K, reserved 1048576K
}
Event: 16.368 GC heap after
{Heap after GC invocations=36 (full 0):
 garbage-first heap   total 121856K, used 57597K [0x0000000084c00000, 0x0000000100000000)
  region size 1024K, 1 young (1024K), 1 survivors (1024K)
 Metaspace       used 72390K, committed 72896K, reserved 1114112K
  class space    used 8984K, committed 9216K, reserved 1048576K
}
Event: 18.605 GC heap before
{Heap before GC invocations=37 (full 0):
 garbage-first heap   total 121856K, used 84221K [0x0000000084c00000, 0x0000000100000000)
  region size 1024K, 36 young (36864K), 1 survivors (1024K)
 Metaspace       used 72779K, committed 73216K, reserved 1114112K
  class space    used 8984K, committed 9216K, reserved 1048576K
}
Event: 18.609 GC heap after
{Heap after GC invocations=38 (full 0):
 garbage-first heap   total 121856K, used 48371K [0x0000000084c00000, 0x0000000100000000)
  region size 1024K, 1 young (1024K), 1 survivors (1024K)
 Metaspace       used 72779K, committed 73216K, reserved 1114112K
  class space    used 8984K, committed 9216K, reserved 1048576K
}
Event: 18.933 GC heap before
{Heap before GC invocations=38 (full 0):
 garbage-first heap   total 121856K, used 52467K [0x0000000084c00000, 0x0000000100000000)
  region size 1024K, 5 young (5120K), 1 survivors (1024K)
 Metaspace       used 72779K, committed 73216K, reserved 1114112K
  class space    used 8984K, committed 9216K, reserved 1048576K
}
Event: 18.937 GC heap after
{Heap after GC invocations=39 (full 0):
 garbage-first heap   total 121856K, used 36081K [0x0000000084c00000, 0x0000000100000000)
  region size 1024K, 1 young (1024K), 1 survivors (1024K)
 Metaspace       used 72779K, committed 73216K, reserved 1114112K
  class space    used 8984K, committed 9216K, reserved 1048576K
}
Event: 19.211 GC heap before
{Heap before GC invocations=39 (full 0):
 garbage-first heap   total 121856K, used 40177K [0x0000000084c00000, 0x0000000100000000)
  region size 1024K, 5 young (5120K), 1 survivors (1024K)
 Metaspace       used 72779K, committed 73216K, reserved 1114112K
  class space    used 8984K, committed 9216K, reserved 1048576K
}
Event: 19.214 GC heap after
{Heap after GC invocations=40 (full 0):
 garbage-first heap   total 121856K, used 33294K [0x0000000084c00000, 0x0000000100000000)
  region size 1024K, 1 young (1024K), 1 survivors (1024K)
 Metaspace       used 72779K, committed 73216K, reserved 1114112K
  class space    used 8984K, committed 9216K, reserved 1048576K
}
Event: 24.183 GC heap before
{Heap before GC invocations=40 (full 0):
 garbage-first heap   total 121856K, used 90638K [0x0000000084c00000, 0x0000000100000000)
  region size 1024K, 57 young (58368K), 1 survivors (1024K)
 Metaspace       used 72788K, committed 73216K, reserved 1114112K
  class space    used 8985K, committed 9216K, reserved 1048576K
}
Event: 24.186 GC heap after
{Heap after GC invocations=41 (full 0):
 garbage-first heap   total 121856K, used 33300K [0x0000000084c00000, 0x0000000100000000)
  region size 1024K, 1 young (1024K), 1 survivors (1024K)
 Metaspace       used 72788K, committed 73216K, reserved 1114112K
  class space    used 8985K, committed 9216K, reserved 1048576K
}
Event: 29.528 GC heap before
{Heap before GC invocations=41 (full 0):
 garbage-first heap   total 121856K, used 98836K [0x0000000084c00000, 0x0000000100000000)
  region size 1024K, 65 young (66560K), 1 survivors (1024K)
 Metaspace       used 72796K, committed 73216K, reserved 1114112K
  class space    used 8986K, committed 9216K, reserved 1048576K
}
Event: 29.530 GC heap after
{Heap after GC invocations=42 (full 0):
 garbage-first heap   total 121856K, used 33328K [0x0000000084c00000, 0x0000000100000000)
  region size 1024K, 1 young (1024K), 1 survivors (1024K)
 Metaspace       used 72796K, committed 73216K, reserved 1114112K
  class space    used 8986K, committed 9216K, reserved 1048576K
}
Event: 34.622 GC heap before
{Heap before GC invocations=42 (full 0):
 garbage-first heap   total 121856K, used 100912K [0x0000000084c00000, 0x0000000100000000)
  region size 1024K, 67 young (68608K), 1 survivors (1024K)
 Metaspace       used 72796K, committed 73216K, reserved 1114112K
  class space    used 8986K, committed 9216K, reserved 1048576K
}
Event: 34.625 GC heap after
{Heap after GC invocations=43 (full 0):
 garbage-first heap   total 121856K, used 33331K [0x0000000084c00000, 0x0000000100000000)
  region size 1024K, 1 young (1024K), 1 survivors (1024K)
 Metaspace       used 72796K, committed 73216K, reserved 1114112K
  class space    used 8986K, committed 9216K, reserved 1048576K
}
Event: 40.033 GC heap before
{Heap before GC invocations=43 (full 0):
 garbage-first heap   total 121856K, used 101939K [0x0000000084c00000, 0x0000000100000000)
  region size 1024K, 68 young (69632K), 1 survivors (1024K)
 Metaspace       used 72797K, committed 73216K, reserved 1114112K
  class space    used 8986K, committed 9216K, reserved 1048576K
}
Event: 40.037 GC heap after
{Heap after GC invocations=44 (full 0):
 garbage-first heap   total 121856K, used 33342K [0x0000000084c00000, 0x0000000100000000)
  region size 1024K, 1 young (1024K), 1 survivors (1024K)
 Metaspace       used 72797K, committed 73216K, reserved 1114112K
  class space    used 8986K, committed 9216K, reserved 1048576K
}
Event: 45.440 GC heap before
{Heap before GC invocations=44 (full 0):
 garbage-first heap   total 121856K, used 102974K [0x0000000084c00000, 0x0000000100000000)
  region size 1024K, 69 young (70656K), 1 survivors (1024K)
 Metaspace       used 72806K, committed 73280K, reserved 1114112K
  class space    used 8987K, committed 9216K, reserved 1048576K
}
Event: 45.452 GC heap after
{Heap after GC invocations=45 (full 0):
 garbage-first heap   total 121856K, used 33356K [0x0000000084c00000, 0x0000000100000000)
  region size 1024K, 1 young (1024K), 1 survivors (1024K)
 Metaspace       used 72806K, committed 73280K, reserved 1114112K
  class space    used 8987K, committed 9216K, reserved 1048576K
}

