# JRE version: OpenJDK Runtime Environment Temurin-17.0.2+8 (17.0.2+8) (build 17.0.2+8)
# Java VM: OpenJDK 64-Bit Server VM Temurin-17.0.2+8 (17.0.2+8, mixed mode, tiered, compressed oops, compressed class ptrs, g1 gc, windows-amd64)
GC Precious Log:
 CPUs: 8 total, 8 available
 Memory: 7880M
 Large Page Support: Disabled
 NUMA Support: Disabled
 Compressed Oops: Enabled (32-bit)
 Heap Region Size: 1M
 Heap Min Capacity: 8M
 Heap Initial Capacity: 124M
 Heap Max Capacity: 1972M
 Pre-touch: Disabled
 Parallel Workers: 8
 Concurrent Workers: 2
 Concurrent Refinement Workers: 8
 Periodic GC: Disabled
Heap:
 garbage-first heap   total 40960K, used 30443K [0x0000000084c00000, 0x0000000100000000)
  region size 1024K, 13 young (13312K), 2 survivors (2048K)
 Metaspace       used 52118K, committed 52416K, reserved 1097728K
  class space    used 6522K, committed 6656K, reserved 1048576K
GC Heap History (20 events):
Event: 3.656 GC heap before
{Heap before GC invocations=4 (full 0):
 garbage-first heap   total 40960K, used 29796K [0x0000000084c00000, 0x0000000100000000)
  region size 1024K, 23 young (23552K), 2 survivors (2048K)
 Metaspace       used 26024K, committed 26240K, reserved 1073152K
  class space    used 2968K, committed 3072K, reserved 1048576K
}
Event: 3.662 GC heap after
{Heap after GC invocations=5 (full 0):
 garbage-first heap   total 40960K, used 10793K [0x0000000084c00000, 0x0000000100000000)
  region size 1024K, 4 young (4096K), 4 survivors (4096K)
 Metaspace       used 26024K, committed 26240K, reserved 1073152K
  class space    used 2968K, committed 3072K, reserved 1048576K
}
Event: 3.687 GC heap before
{Heap before GC invocations=5 (full 0):
 garbage-first heap   total 40960K, used 11817K [0x0000000084c00000, 0x0000000100000000)
  region size 1024K, 5 young (5120K), 4 survivors (4096K)
 Metaspace       used 26173K, committed 26368K, reserved 1073152K
  class space    used 2989K, committed 3072K, reserved 1048576K
}
Event: 3.692 GC heap after
{Heap after GC invocations=6 (full 0):
 garbage-first heap   total 40960K, used 11077K [0x0000000084c00000, 0x0000000100000000)
  region size 1024K, 1 young (1024K), 1 survivors (1024K)
 Metaspace       used 26173K, committed 26368K, reserved 1073152K
  class space    used 2989K, committed 3072K, reserved 1048576K
}
Event: 4.299 GC heap before
{Heap before GC invocations=6 (full 0):
 garbage-first heap   total 40960K, used 28485K [0x0000000084c00000, 0x0000000100000000)
  region size 1024K, 18 young (18432K), 1 survivors (1024K)
 Metaspace       used 28107K, committed 28288K, reserved 1081344K
  class space    used 3256K, committed 3328K, reserved 1048576K
}
Event: 4.302 GC heap after
{Heap after GC invocations=7 (full 0):
 garbage-first heap   total 40960K, used 11799K [0x0000000084c00000, 0x0000000100000000)
  region size 1024K, 2 young (2048K), 2 survivors (2048K)
 Metaspace       used 28107K, committed 28288K, reserved 1081344K
  class space    used 3256K, committed 3328K, reserved 1048576K
}
Event: 5.019 GC heap before
{Heap before GC invocations=7 (full 0):
 garbage-first heap   total 40960K, used 29207K [0x0000000084c00000, 0x0000000100000000)
  region size 1024K, 19 young (19456K), 2 survivors (2048K)
 Metaspace       used 30712K, committed 30976K, reserved 1081344K
  class space    used 3589K, committed 3712K, reserved 1048576K
}
Event: 5.026 GC heap after
{Heap after GC invocations=8 (full 0):
 garbage-first heap   total 40960K, used 12989K [0x0000000084c00000, 0x0000000100000000)
  region size 1024K, 3 young (3072K), 3 survivors (3072K)
 Metaspace       used 30712K, committed 30976K, reserved 1081344K
  class space    used 3589K, committed 3712K, reserved 1048576K
}
Event: 5.902 GC heap before
{Heap before GC invocations=8 (full 0):
 garbage-first heap   total 40960K, used 30397K [0x0000000084c00000, 0x0000000100000000)
  region size 1024K, 20 young (20480K), 3 survivors (3072K)
 Metaspace       used 34063K, committed 34304K, reserved 1081344K
  class space    used 4058K, committed 4160K, reserved 1048576K
}
Event: 5.914 GC heap after
{Heap after GC invocations=9 (full 0):
 garbage-first heap   total 40960K, used 14589K [0x0000000084c00000, 0x0000000100000000)
  region size 1024K, 3 young (3072K), 3 survivors (3072K)
 Metaspace       used 34063K, committed 34304K, reserved 1081344K
  class space    used 4058K, committed 4160K, reserved 1048576K
}
Event: 6.326 GC heap before
{Heap before GC invocations=9 (full 0):
 garbage-first heap   total 40960K, used 20733K [0x0000000084c00000, 0x0000000100000000)
  region size 1024K, 10 young (10240K), 3 survivors (3072K)
 Metaspace       used 35732K, committed 35968K, reserved 1081344K
  class space    used 4310K, committed 4416K, reserved 1048576K
}
Event: 6.339 GC heap after
{Heap after GC invocations=10 (full 0):
 garbage-first heap   total 40960K, used 15635K [0x0000000084c00000, 0x0000000100000000)
  region size 1024K, 1 young (1024K), 1 survivors (1024K)
 Metaspace       used 35732K, committed 35968K, reserved 1081344K
  class space    used 4310K, committed 4416K, reserved 1048576K
}
Event: 7.001 GC heap before
{Heap before GC invocations=11 (full 0):
 garbage-first heap   total 40960K, used 29971K [0x0000000084c00000, 0x0000000100000000)
  region size 1024K, 16 young (16384K), 1 survivors (1024K)
 Metaspace       used 38670K, committed 39040K, reserved 1089536K
  class space    used 4633K, committed 4800K, reserved 1048576K
}
Event: 7.009 GC heap after
{Heap after GC invocations=12 (full 0):
 garbage-first heap   total 40960K, used 17353K [0x0000000084c00000, 0x0000000100000000)
  region size 1024K, 2 young (2048K), 2 survivors (2048K)
 Metaspace       used 38670K, committed 39040K, reserved 1089536K
  class space    used 4633K, committed 4800K, reserved 1048576K
}
Event: 7.526 GC heap before
{Heap before GC invocations=12 (full 0):
 garbage-first heap   total 40960K, used 30665K [0x0000000084c00000, 0x0000000100000000)
  region size 1024K, 16 young (16384K), 2 survivors (2048K)
 Metaspace       used 41503K, committed 41856K, reserved 1089536K
  class space    used 5013K, committed 5184K, reserved 1048576K
}
Event: 7.530 GC heap after
{Heap after GC invocations=13 (full 0):
 garbage-first heap   total 40960K, used 18369K [0x0000000084c00000, 0x0000000100000000)
  region size 1024K, 1 young (1024K), 1 survivors (1024K)
 Metaspace       used 41503K, committed 41856K, reserved 1089536K
  class space    used 5013K, committed 5184K, reserved 1048576K
}
Event: 8.137 GC heap before
{Heap before GC invocations=13 (full 0):
 garbage-first heap   total 40960K, used 31681K [0x0000000084c00000, 0x0000000100000000)
  region size 1024K, 15 young (15360K), 1 survivors (1024K)
 Metaspace       used 45997K, committed 46400K, reserved 1097728K
  class space    used 5760K, committed 5952K, reserved 1048576K
}
Event: 8.139 GC heap after
{Heap after GC invocations=14 (full 0):
 garbage-first heap   total 40960K, used 18981K [0x0000000084c00000, 0x0000000100000000)
  region size 1024K, 2 young (2048K), 2 survivors (2048K)
 Metaspace       used 45997K, committed 46400K, reserved 1097728K
  class space    used 5760K, committed 5952K, reserved 1048576K
}
Event: 8.620 GC heap before
{Heap before GC invocations=14 (full 0):
 garbage-first heap   total 40960K, used 32293K [0x0000000084c00000, 0x0000000100000000)
  region size 1024K, 15 young (15360K), 2 survivors (2048K)
 Metaspace       used 49500K, committed 49856K, reserved 1097728K
  class space    used 6207K, committed 6400K, reserved 1048576K
}
Event: 8.624 GC heap after
{Heap after GC invocations=15 (full 0):
 garbage-first heap   total 40960K, used 20203K [0x0000000084c00000, 0x0000000100000000)
  region size 1024K, 2 young (2048K), 2 survivors (2048K)
 Metaspace       used 49500K, committed 49856K, reserved 1097728K
  class space    used 6207K, committed 6400K, reserved 1048576K
}

